<?xml version="1.0" encoding="UTF-8"?>
<!-- Generated by org.testng.reporters.JUnitReportReporter -->
<testsuite skipped="0" hostname="LAPTOP-314SJV27" name="Pravallika.SeleniumTest" tests="2" failures="0" timestamp="2020-05-25T22:19:14 IST" time="0.003" errors="0">
  <testcase name="BrowserSelection" time="0.001" classname="Pravallika.SeleniumTest"/>
  <system-out/>
  <testcase name="Tabselect" time="0.002" classname="Pravallika.SeleniumTest"/>
  <system-out/>
</testsuite> <!-- Pravallika.SeleniumTest -->
