<?xml version="1.0" encoding="UTF-8"?>
<!-- Generated by org.testng.reporters.JUnitReportReporter -->
<testsuite skipped="0" hostname="LAPTOP-314SJV27" name="Pravallika.AppTest" tests="1" failures="0" timestamp="2020-05-25T22:19:14 IST" time="0.001" errors="0">
  <testcase name="shouldAnswerWithTrue" time="0.001" classname="Pravallika.AppTest"/>
  <system-out/>
</testsuite> <!-- Pravallika.AppTest -->
