<?xml version="1.0" encoding="UTF-8"?>
<!-- Generated by org.testng.reporters.JUnitReportReporter -->
<testsuite skipped="0" hostname="LAPTOP-314SJV27" name="Pravallika.appiumTest" tests="2" failures="0" timestamp="2020-05-25T22:19:14 IST" time="0.022" errors="0">
  <testcase name="createUser" time="0.010" classname="Pravallika.appiumTest"/>
  <system-out/>
  <testcase name="updateUser" time="0.012" classname="Pravallika.appiumTest"/>
  <system-out/>
</testsuite> <!-- Pravallika.appiumTest -->
